"C:/Users/Bara Sebastian/Documents/Unreal Projects/VectorRun/Content/Character/Hands_L_M.uasset" 0
"C:/Users/Bara Sebastian/Documents/Unreal Projects/VectorRun/Content/Materials/Tron_Material.uasset" 1
"C:/Users/Bara Sebastian/Documents/Unreal Projects/VectorRun/Content/Meshes/Building_Light_M.uasset" 2
"C:/Users/Bara Sebastian/Documents/Unreal Projects/VectorRun/Content/Meshes/Floor_M.uasset" 3
"C:/Users/Bara Sebastian/Documents/Unreal Projects/VectorRun/Content/Materials/EmessiveBase.uasset" 4
"C:/Users/Bara Sebastian/Documents/Unreal Projects/VectorRun/Content/Materials/EmessiveBase_IGreen.uasset" 5
"C:/Users/Bara Sebastian/Documents/Unreal Projects/VectorRun/Content/Meshes/FloorLight.uasset" 6
"C:/Users/Bara Sebastian/Documents/Unreal Projects/VectorRun/Content/Meshes/Floor_Light_M.uasset" 7
"C:/Users/Bara Sebastian/Documents/Unreal Projects/VectorRun/Content/Meshes/jump_pad_m.uasset" 8
"C:/Users/Bara Sebastian/Documents/Unreal Projects/VectorRun/Content/Meshes/moving_platform_m.uasset" 9
"C:/Users/Bara Sebastian/Documents/Unreal Projects/VectorRun/Content/Meshes/Objective1.uasset" 10
"C:/Users/Bara Sebastian/Documents/Unreal Projects/VectorRun/Content/Meshes/TurretC1_ML.uasset" 11
"C:/Users/Bara Sebastian/Documents/Unreal Projects/VectorRun/Content/Meshes/TurretC2_ML.uasset" 12
"C:/Users/Bara Sebastian/Documents/Unreal Projects/VectorRun/Content/Meshes/Turret_C3_ML.uasset" 13
"C:/Users/Bara Sebastian/Documents/Unreal Projects/VectorRun/Content/Meshes/Wall_M.uasset" 14
"C:/Users/Bara Sebastian/Documents/Unreal Projects/VectorRun/Content/Meshes/WallL.uasset" 15
"C:/Users/Bara Sebastian/Documents/Unreal Projects/VectorRun/Content/Meshes/Wall_Light_M.uasset" 16
"C:/Users/Bara Sebastian/Documents/Unreal Projects/VectorRun/Content/Meshes/Wall_Light__Arrow_M.uasset" 17
"../../../Engine/Content/Functions/Engine_MaterialFunctions01/Opacity/CameraDepthFade.uasset" 18
"../../../Engine/Content/EngineMaterials/T_Default_Material_Grid_M.uasset" 19
"../../../Engine/Content/EngineMaterials/T_Default_Material_Grid_N.uasset" 20
"../../../Engine/Content/EngineMaterials/DefaultMaterial.uasset" 21
"../../../Engine/Content/BasicShapes/Cone.uasset" 22
"../../../Engine/Content/EngineMaterials/WorldGridMaterial.uasset" 23
"../../../Engine/Content/BasicShapes/Cube.uasset" 24
"../../../Engine/Content/BasicShapes/Cylinder.uasset" 25
"../../../Engine/Content/BasicShapes/Sphere.uasset" 26
"../../../Engine/Content/EditorLandscapeResources/DataLayer.uasset" 27
"../../../Engine/Content/EditorMaterials/GizmoMaterial.uasset" 28
"../../../Engine/Content/EditorMaterials/MAT_Groups_Toggle.uasset" 29
"../../../Engine/Content/EditorMaterials/MAT_Groups_Visibility.uasset" 30
"../../../Engine/Content/EditorMaterials/PreviewShadowIndicator.uasset" 31
"../../../Engine/Content/EditorMaterials/PreviewShadowIndicatorMaterial.uasset" 32
"../../../Engine/Content/EditorMaterials/MatineeGroups/MAT_ColorTrack.uasset" 33
"../../../Engine/Content/EditorMaterials/MatineeGroups/MAT_Groups_Anim.uasset" 34
"../../../Engine/Content/EditorMaterials/MatineeGroups/MAT_Groups_AudioMaster.uasset" 35
"../../../Engine/Content/EditorMaterials/MatineeGroups/MAT_Groups_Director.uasset" 36
"../../../Engine/Content/EditorMaterials/MatineeGroups/MAT_Groups_Event.uasset" 37
"../../../Engine/Content/EditorMaterials/MatineeGroups/MAT_Groups_Fade.uasset" 38
"../../../Engine/Content/EditorMaterials/MatineeGroups/MAT_Groups_Float.uasset" 39
"../../../Engine/Content/EditorMaterials/MatineeGroups/MAT_Groups_Move.uasset" 40
"../../../Engine/Content/EditorMaterials/MatineeGroups/MAT_Groups_Slomo.uasset" 41
"../../../Engine/Content/EditorMaterials/MatineeGroups/MAT_Groups_Sound.uasset" 42
"../../../Engine/Content/EditorMaterials/MatineeGroups/MAT_Groups_Vector.uasset" 43
"../../../Engine/Content/EditorMaterials/ParticleSystems/PSysThumbnail_NoImage.uasset" 44
"../../../Engine/Content/EditorMaterials/ParticleSystems/PSysThumbnail_OOD.uasset" 45
"../../../Engine/Content/EditorMaterials/Camera/CineMat.uasset" 46
"../../../Engine/Content/EditorMaterials/Camera/MI_CineMat_Rig.uasset" 47
"../../../Engine/Content/EditorMeshes/Camera/SM_CraneRig_Arm.uasset" 48
"../../../Engine/Content/EditorMeshes/Camera/SM_CraneRig_Base.uasset" 49
"../../../Engine/Content/EditorMeshes/Camera/SM_CraneRig_Body.uasset" 50
"../../../Engine/Content/EditorMeshes/Camera/SM_CraneRig_Mount.uasset" 51
"../../../Engine/Content/EditorMeshes/Camera/SM_RailRig_Mount.uasset" 52
"../../../Engine/Content/EditorMeshes/Camera/SM_RailRig_Track.uasset" 53
"../../../Engine/Content/EditorMeshes/ColorCalibrator/M_ChromeBall.uasset" 54
"../../../Engine/Content/EditorMeshes/ColorCalibrator/M_ClearCoat.uasset" 55
"../../../Engine/Content/EditorMeshes/ColorCalibrator/M_ClearCoatBlack.uasset" 56
"../../../Engine/Content/EditorMeshes/ColorCalibrator/Color_checker.uasset" 57
"../../../Engine/Content/EditorMeshes/ColorCalibrator/M_ColorGrid.uasset" 58
"../../../Engine/Content/EditorMeshes/ColorCalibrator/M_GreyBall.uasset" 59
"../../../Engine/Content/EditorMeshes/ColorCalibrator/SM_ColorCalibrator.uasset" 60
"../../../Engine/Content/EditorResources/BSPVertex.uasset" 61
"../../../Engine/Content/EditorResources/EmptyActor.uasset" 62
"../../../Engine/Content/EditorResources/S_Actor.uasset" 63
"../../../Engine/Content/EditorResources/S_Trigger.uasset" 64
"../../../Engine/Content/EditorResources/AudioIcons/S_AudioComponent_AutoActivate.uasset" 65
"../../../Engine/Content/EditorResources/SequenceRecorder/Countdown.uasset" 66
"../../../Engine/Content/EditorResources/SequenceRecorder/RecordingIndicator.uasset" 67
"../../../Engine/Content/EditorSounds/Notifications/CompileFailed.uasset" 68
"../../../Engine/Content/EditorSounds/Notifications/CompileFailed_Cue.uasset" 69
"../../../Engine/Content/EditorSounds/Notifications/CompileSuccess.uasset" 70
"../../../Engine/Content/EditorSounds/Notifications/CompileStart_Cue.uasset" 71
"../../../Engine/Content/EditorSounds/Notifications/CompileSuccess_Cue.uasset" 72
"../../../Engine/Content/EngineDamageTypes/DmgTypeBP_Environmental.uasset" 73
"../../../Engine/Content/EngineDebugMaterials/HeatmapGradient.uasset" 74
"../../../Engine/Content/EngineDebugMaterials/BoneWeightMaterial.uasset" 75
"../../../Engine/Content/EngineDebugMaterials/ClothMaterial.uasset" 76
"../../../Engine/Content/EngineDebugMaterials/ClothMaterial_WF.uasset" 77
"../../../Engine/Content/EngineDebugMaterials/DebugEditorMaterial.uasset" 78
"../../../Engine/Content/EngineDebugMaterials/DebugMeshMaterial.uasset" 79
"../../../Engine/Content/EngineDebugMaterials/GeomMaterial.uasset" 80
"../../../Engine/Content/EngineFonts/Faces/RobotoBold.uasset" 81
"../../../Engine/Content/EngineFonts/Faces/RobotoBoldItalic.uasset" 82
"../../../Engine/Content/EngineFonts/Faces/RobotoItalic.uasset" 83
"../../../Engine/Content/EngineFonts/Faces/RobotoLight.uasset" 84
"../../../Engine/Content/EngineFonts/Faces/RobotoRegular.uasset" 85
"../../../Engine/Content/EngineFonts/Roboto.uasset" 86
"../../../Engine/Content/EngineFonts/Faces/RobotoTiny.uasset" 87
"../../../Engine/Content/EngineFonts/RobotoTiny.uasset" 88
"../../../Engine/Content/EngineMaterials/DefaultBloomKernel.uasset" 89
"../../../Engine/Content/EngineMaterials/DefaultBokeh.uasset" 90
"../../../Engine/Content/EngineMaterials/DefaultDiffuse.uasset" 91
"../../../Engine/Content/EngineMaterials/DefaultDeferredDecalMaterial.uasset" 92
"../../../Engine/Content/EngineMaterials/DefaultLightFunctionMaterial.uasset" 93
"../../../Engine/Content/EngineMaterials/DefaultPhysicalMaterial.uasset" 94
"../../../Engine/Content/Functions/Engine_MaterialFunctions02/Utility/BreakOutFloat2Components.uasset" 95
"../../../Engine/Content/EngineMaterials/DefaultPostProcessMaterial.uasset" 96
"../../../Engine/Content/EngineFonts/RobotoDistanceField.uasset" 97
"../../../Engine/Content/EngineMaterials/DefaultTextMaterialOpaque.uasset" 98
"../../../Engine/Content/EngineMaterials/DefaultWhiteGrid.uasset" 99
"../../../Engine/Content/EngineMaterials/EditorBrushMaterial.uasset" 100
"../../../Engine/Content/EngineMaterials/Good64x64TilingNoiseHighFreq.uasset" 101
"../../../Engine/Content/EngineMaterials/MiniFont.uasset" 102
"../../../Engine/Content/EngineMaterials/InvalidLightmapSettings.uasset" 103
"../../../Engine/Content/EngineMaterials/M_InvalidLightmapSettings.uasset" 104
"../../../Engine/Content/Functions/Engine_MaterialFunctions02/WorldPositionOffset/CameraOffset.uasset" 105
"../../../Engine/Content/EngineMaterials/PhAT_JointLimitMaterial.uasset" 106
"../../../Engine/Content/EngineMaterials/PreintegratedSkinBRDF.uasset" 107
"../../../Engine/Content/EngineMaterials/RemoveSurfaceMaterial.uasset" 108
"../../../Engine/Content/EngineMaterials/WeightMapPlaceholderTexture.uasset" 109
"../../../Engine/Content/EngineResources/WhiteSquareTexture.uasset" 110
"../../../Engine/Content/EngineMaterials/Widget3DPassThrough.uasset" 111
"../../../Engine/Content/EngineMaterials/Widget3DPassThrough_Masked.uasset" 112
"../../../Engine/Content/EngineMaterials/Widget3DPassThrough_Opaque.uasset" 113
"../../../Engine/Content/EngineMaterials/Widget3DPassThrough_Masked_OneSided.uasset" 114
"../../../Engine/Content/EngineMaterials/Widget3DPassThrough_Opaque_OneSided.uasset" 115
"../../../Engine/Content/EngineMaterials/Widget3DPassThrough_Translucent.uasset" 116
"../../../Engine/Content/EngineMaterials/Widget3DPassThrough_Translucent_OneSided.uasset" 117
"../../../Engine/Content/EngineMeshes/Cube.uasset" 118
"../../../Engine/Content/EngineMeshes/Cylinder.uasset" 119
"../../../Engine/Content/EngineMeshes/Sphere.uasset" 120
"../../../Engine/Content/EngineResources/Black.uasset" 121
"../../../Engine/Content/EngineResources/DefaultTexture.uasset" 122
"../../../Engine/Content/EngineResources/DefaultTextureCube.uasset" 123
"../../../Engine/Content/EngineResources/GradientTexture0.uasset" 124
"../../../Engine/Content/EngineSounds/Master.uasset" 125
"../../../Engine/Content/Functions/Engine_MaterialFunctions01/Shading/ConvertFromDiffSpec.uasset" 126
"../../../Engine/Content/Functions/Engine_MaterialFunctions01/Shading/PowerToRoughness.uasset" 127
"../../../Engine/Content/Maps/Templates/Thumbnails/Default.uasset" 128
"../../../Engine/Content/Maps/Templates/Thumbnails/VR-Basic.uasset" 129
"../../../Engine/Content/MobileResources/T_MobileControls_texture.uasset" 130
"../../../Engine/Content/MobileResources/T_MobileMenu2.uasset" 131
"../../../Engine/Content/MobileResources/HUD/AnalogHat.uasset" 132
"../../../Engine/Content/MobileResources/HUD/VirtualJoystick_Background.uasset" 133
"../../../Engine/Content/MobileResources/HUD/VirtualJoystick_Thumb.uasset" 134
"../../../Engine/Content/MobileResources/HUD/DefaultVirtualJoysticks.uasset" 135
"../../../Engine/Content/MobileResources/HUD/LeftVirtualJoystickOnly.uasset" 136
"../../../Engine/Content/MobileResources/HUD/MobileHUDButton1_off.uasset" 137
"../../../Engine/Content/MobileResources/HUD/MobileHUDButton1_on.uasset" 138
"../../../Engine/Content/MobileResources/HUD/MobileHUDButton2_off.uasset" 139
"../../../Engine/Content/MobileResources/HUD/MobileHUDButton2_on.uasset" 140
"../../../Engine/Content/MobileResources/HUD/MobileHUDButton3.uasset" 141
"../../../Engine/Content/MobileResources/HUD/MobileHUDButtonFire.uasset" 142
"../../../Engine/Content/MobileResources/HUD/MobileHUDDirectionPad.uasset" 143
"../../../Engine/Content/MobileResources/HUD/MobileHUDDirectionPad2.uasset" 144
"../../../Engine/Content/MobileResources/HUD/MobileHUDDirectionPad3.uasset" 145
"../../../Engine/Content/MobileResources/HUD/MobileHUDDirectionStick.uasset" 146
"../../../Engine/Content/MobileResources/HUD/T_Castle_ThumbstickInner.uasset" 147
"../../../Engine/Content/MobileResources/HUD/T_Castle_ThumbstickOutter.uasset" 148
"../../../Engine/Content/Tutorial/ContentIntroCurve.uasset" 149
"../../../Engine/Content/Tutorial/Basics/TutorialAssets/icon_tab_Levels_40x.uasset" 150
"../../../Engine/Content/Tutorial/BlueprintTutorials/TutorialAssets/BlueprintInterface_64x.uasset" 151
"../../../Engine/Content/Tutorial/BlueprintTutorials/TutorialAssets/BlueprintMacroLibrary_64x.uasset" 152
"../../../Engine/Content/Tutorial/BlueprintTutorials/TutorialAssets/Blueprint_64x.uasset" 153
"../../../Engine/Content/Tutorial/BlueprintTutorials/TutorialAssets/Tutorial_BP_Interface.uasset" 154
"../../../Engine/Content/Tutorial/Foliage/TutorialAssets/Foliage.uasset" 155
"../../../Engine/Content/Tutorial/Landscape/TutorialAssets/Landscape.uasset" 156
"../../../Engine/Content/Tutorial/Paper2D/TutorialAssets/Paper2DFlipbook_TutorialIcon.uasset" 157
"../../../Engine/Content/Tutorial/Paper2D/TutorialAssets/Paper2DSprite_TutorialIcon.uasset" 158
"../../../Engine/Content/Tutorial/SubEditors/TutorialAssets/icon_Editor_Preferences_General_40x.uasset" 159
"../../../Engine/Content/Tutorial/SubEditors/TutorialAssets/icon_ShowSkeletalMeshes_40x.uasset" 160
"../../../Engine/Content/Tutorial/SubEditors/TutorialAssets/TutorialMaterial.uasset" 161
"../../../Engine/Content/Tutorial/SubEditors/TutorialAssets/T_SmokeSubUV_8X8.uasset" 162
"../../../Engine/Content/Tutorial/SubEditors/TutorialAssets/T_soft_smoke.uasset" 163
"../../../Engine/Content/Tutorial/SubEditors/TutorialAssets/M_smoke_subUV_blackbody.uasset" 164
"../../../Engine/Content/Tutorial/SubEditors/TutorialAssets/TutorialParticleSystem.uasset" 165
"../../../Engine/Content/VREditor/Devices/Generic/GenericHMDMaterial.uasset" 166
"../../../Engine/Content/VREditor/Devices/Generic/GenericHMD.uasset" 167
"../../../Engine/Content/Functions/Engine_MaterialFunctions02/Utility/BreakOutFloat3Components.uasset" 168
"../../../Engine/Content/VREditor/Devices/Vive/VivePreController_MasksB.uasset" 169
"../../../Engine/Content/VREditor/Devices/Oculus/OculusControllerMaterial.uasset" 170
"../../../Engine/Content/VREditor/Devices/Oculus/OculusControllerMaterial_Inst.uasset" 171
"../../../Engine/Content/VREditor/Devices/Oculus/OculusControllerMesh.uasset" 172
"../../../Engine/Content/VREditor/Devices/Vive/T_VivePreController_EM.uasset" 173
"../../../Engine/Content/VREditor/Devices/Vive/VivePreController_MasksA.uasset" 174
"../../../Engine/Content/VREditor/Devices/Vive/VivePreControllerDiffuse.uasset" 175
"../../../Engine/Content/VREditor/Devices/Vive/VivePreControllerSpec.uasset" 176
"../../../Engine/Content/VREditor/LaserPointer/VR_LaserPower_01.uasset" 177
"../../../Engine/Content/VREditor/Devices/Vive/VivePreControllerMaterial.uasset" 178
"../../../Engine/Content/VREditor/Devices/Vive/VivePreControllerMaterial_Inst.uasset" 179
"../../../Engine/Content/VREditor/Devices/Vive/VivePreControllerMesh.uasset" 180
"../../../Engine/Content/VREditor/FloatingText/LineMaterial.uasset" 181
"../../../Engine/Content/VREditor/FloatingText/JointSphere.uasset" 182
"../../../Engine/Content/VREditor/FloatingText/LineSegmentCylinder.uasset" 183
"../../../Engine/Content/VREditor/Fonts/VRText_RobotoLarge.uasset" 184
"../../../Engine/Content/VREditor/Fonts/VRTextMaterial.uasset" 185
"../../../Engine/Content/VREditor/Fonts/TranslucentVRTextMaterial.uasset" 186
"../../../Engine/Content/VREditor/LaserPointer/CursorPointer.uasset" 187
"../../../Engine/Content/VREditor/TransformGizmo/TransformGizmoMaterial.uasset" 188
"../../../Engine/Content/VREditor/LaserPointer/HoverMaterial.uasset" 189
"../../../Engine/Content/VREditor/TransformGizmo/TranslucentTransformGizmoMaterial.uasset" 190
"../../../Engine/Content/VREditor/LaserPointer/TranslucentHoverMaterial.uasset" 191
"../../../Engine/Content/VREditor/LaserPointer/HoverMesh.uasset" 192
"../../../Engine/Content/VREditor/LaserPointer/LaserPointerMaterial.uasset" 193
"../../../Engine/Content/VREditor/LaserPointer/LaserPointerMaterialInst.uasset" 194
"../../../Engine/Content/VREditor/LaserPointer/TranslucentLaserPointerMaterialInst.uasset" 195
"../../../Engine/Content/VREditor/LaserPointer/LaserPointerMesh.uasset" 196
"../../../Engine/Content/VREditor/LaserPointer/LaserPointerMesh_End.uasset" 197
"../../../Engine/Content/VREditor/LaserPointer/LaserPointerMesh_Start.uasset" 198
"../../../Engine/Content/VREditor/Sounds/VR_teleport.uasset" 199
"../../../Engine/Content/VREditor/Sounds/UI/Click_on_Button.uasset" 200
"../../../Engine/Content/VREditor/Sounds/UI/Click_on_Button_Cue.uasset" 201
"../../../Engine/Content/VREditor/Sounds/UI/Dockable_Window_Close.uasset" 202
"../../../Engine/Content/VREditor/Sounds/UI/Dockable_Window_Drop.uasset" 203
"../../../Engine/Content/VREditor/Sounds/UI/Dockable_Window_Open.uasset" 204
"../../../Engine/Content/VREditor/Sounds/UI/Dockable_Window_Pick_Up.uasset" 205
"../../../Engine/Content/VREditor/Sounds/UI/Drop_Item_From_ContentBrowser.uasset" 206
"../../../Engine/Content/VREditor/Sounds/UI/Floating_UI_Open-001.uasset" 207
"../../../Engine/Content/VREditor/Sounds/UI/Radial_Menu_FadeOut.uasset" 208
"../../../Engine/Content/VREditor/Sounds/UI/Teleport_Mode_Entered.uasset" 209
"../../../Engine/Content/VREditor/Teleport/TeleportDirectionMaterial.uasset" 210
"../../../Engine/Content/VREditor/Teleport/TeleportDirectionMaterial_Inst.uasset" 211
"../../../Engine/Content/VREditor/Teleport/TeleportDirectionMesh.uasset" 212
"../../../Engine/Content/VREditor/TransformGizmo/BoundingBoxCorner.uasset" 213
"../../../Engine/Content/VREditor/TransformGizmo/BoundingBoxEdge.uasset" 214
"../../../Engine/Content/VREditor/TransformGizmo/PlaneTranslationHandle.uasset" 215
"../../../Engine/Content/VREditor/TransformGizmo/Main.uasset" 216
"../../../Engine/Content/VREditor/TransformGizmo/Xray.uasset" 217
"../../../Engine/Content/VREditor/TransformGizmo/SM_Dialog_Close.uasset" 218
"../../../Engine/Content/VREditor/TransformGizmo/SM_Dialog_Move.uasset" 219
"../../../Engine/Content/VREditor/TransformGizmo/SM_Sequencer_Key.uasset" 220
"../../../Engine/Content/VREditor/TransformGizmo/SM_Sequencer_Node.uasset" 221
"../../../Engine/Content/VREditor/TransformGizmo/TransformGizmoMaterial_Inst.uasset" 222
"../../../Engine/Content/VREditor/TransformGizmo/TranslucentTransformGizmoMaterial_Inst.uasset" 223
"../../../Engine/Content/VREditor/Devices/Vive/UE4_Logo.uasset" 224
"../../../Engine/Content/VREditor/UI/M_ContentWindow.uasset" 225
"../../../Engine/Content/VREditor/UI/SM_ContentWindow_01.uasset" 226
"../../../Engine/Content/VREditor/UI/KeyDiskMaterial.uasset" 227
"../../../Engine/Content/VREditor/UI/DiscMaterial.uasset" 228
"../../../Engine/Content/VREditor/UI/SM_Radial_Disk.uasset" 229
"../../../Engine/Content/VREditor/UI/ArrowMaterial.uasset" 230
"../../../Engine/Content/VREditor/UI/SM_Radial_Pointer.uasset" 231
"../../../Engine/Content/Functions/Engine_MaterialFunctions01/Gradient/RadialGradient.uasset" 232
"../../../Engine/Content/VREditor/WorldMovementGrid/SimpleGrid.uasset" 233
"../../../Engine/Content/VREditor/WorldMovementGrid/GridMaterial.uasset" 234
"../../../Engine/Content/Functions/Engine_MaterialFunctions01/Density/ExponentialDensity.uasset" 235
"../../../Engine/Content/VREditor/WorldMovementGrid/GridPostProcess.uasset" 236
"../../../Engine/Content/EditorLandscapeResources/FlattenHeightMat.uasset" 237
"../../../Engine/Content/VREditor/WorldMovementGrid/PlaneMesh.uasset" 238
"../../Plugins/2D/Paper2D/Content/PlaceholderTextures/DummySpriteTexture.uasset" 239
"../../Plugins/2D/Paper2D/Content/DummySprite.uasset" 240
"../../Plugins/2D/Paper2D/Content/DefaultPaperTerrainMaterial.uasset" 241
"../../Plugins/2D/Paper2D/Content/DefaultSpriteMaterial.uasset" 242
"../../Plugins/2D/Paper2D/Content/MaskedUnlitSpriteMaterial.uasset" 243
"../../Plugins/2D/Paper2D/Content/OpaqueUnlitSpriteMaterial.uasset" 244
"../../Plugins/Media/MediaCompositing/Content/DefaultMediaPlaneTexture.uasset" 245
"../../Plugins/Media/MediaCompositing/Content/DefaultMediaPlaneMaterial.uasset" 246
"../../../Engine/Content/Functions/Engine_MaterialFunctions02/Utility/MakeFloat4.uasset" 247
"../../Plugins/Runtime/AppleARKit/Content/ARKitCameraMaterial.uasset" 248
"../../Plugins/Runtime/Oculus/OculusVR/Content/Textures/GearVRController_AO.uasset" 249
"../../Plugins/Runtime/Oculus/OculusVR/Content/Textures/GearVRController_Color.uasset" 250
"../../Plugins/Runtime/Oculus/OculusVR/Content/Textures/GearVRController_Normal.uasset" 251
"../../Plugins/Runtime/Oculus/OculusVR/Content/Materials/GearVRControllerMaterial.uasset" 252
"../../Plugins/Runtime/Oculus/OculusVR/Content/Meshes/GearVrController.uasset" 253
"C:/Users/Bara Sebastian/Documents/Unreal Projects/VectorRun/Content/FinishMap.umap" 254
"../../../Engine/Content/EditorBlueprintResources/StandardMacros.uasset" 255
"C:/Users/Bara Sebastian/Documents/Unreal Projects/VectorRun/Content/Objective_W.uasset" 256
"C:/Users/Bara Sebastian/Documents/Unreal Projects/VectorRun/Content/Objective.uasset" 257
"C:/Users/Bara Sebastian/Documents/Unreal Projects/VectorRun/Content/ObjectiveList_W.uasset" 258
"C:/Users/Bara Sebastian/Documents/Unreal Projects/VectorRun/Content/HUD.uasset" 259
"C:/Users/Bara Sebastian/Documents/Unreal Projects/VectorRun/Content/Congratulations.uasset" 260
"C:/Users/Bara Sebastian/Documents/Unreal Projects/VectorRun/Content/Objective_Component.uasset" 261
"C:/Users/Bara Sebastian/Documents/Unreal Projects/VectorRun/Content/Character/hands_Skeleton.uasset" 262
"C:/Users/Bara Sebastian/Documents/Unreal Projects/VectorRun/Content/Character/hands_Anim_Armature_Idle.uasset" 263
"C:/Users/Bara Sebastian/Documents/Unreal Projects/VectorRun/Content/Character/hands_Anim_Armature_Run.uasset" 264
"C:/Users/Bara Sebastian/Documents/Unreal Projects/VectorRun/Content/Character/hands_Anim_BP.uasset" 265
"C:/Users/Bara Sebastian/Documents/Unreal Projects/VectorRun/Content/Character/hands_Anim_Armature_Jump.uasset" 266
"C:/Users/Bara Sebastian/Documents/Unreal Projects/VectorRun/Content/Character/Jump_Montage.uasset" 267
"C:/Users/Bara Sebastian/Documents/Unreal Projects/VectorRun/Content/Character/Hands_M.uasset" 268
"C:/Users/Bara Sebastian/Documents/Unreal Projects/VectorRun/Content/Materials/Emessive_Rainbow.uasset" 269
"C:/Users/Bara Sebastian/Documents/Unreal Projects/VectorRun/Content/Materials/Emessive_Rainbow_I.uasset" 270
"C:/Users/Bara Sebastian/Documents/Unreal Projects/VectorRun/Content/Character/hands_PhysicsAsset.uasset" 271
"C:/Users/Bara Sebastian/Documents/Unreal Projects/VectorRun/Content/Character/hands.uasset" 272
"C:/Users/Bara Sebastian/Documents/Unreal Projects/VectorRun/Content/Blueprints/Hands_Character_BP.uasset" 273
"C:/Users/Bara Sebastian/Documents/Unreal Projects/VectorRun/Content/FloorIsLavaGamemode.uasset" 274
"C:/Users/Bara Sebastian/Documents/Unreal Projects/VectorRun/Content/DeathScreen.uasset" 275
"C:/Users/Bara Sebastian/Documents/Unreal Projects/VectorRun/Content/TutorialWidget.uasset" 276
"C:/Users/Bara Sebastian/Documents/Unreal Projects/VectorRun/Content/Blueprints/CharacterBp.uasset" 277
"C:/Users/Bara Sebastian/Documents/Unreal Projects/VectorRun/Content/Meshes/LaserBeam.uasset" 278
"C:/Users/Bara Sebastian/Documents/Unreal Projects/VectorRun/Content/Blueprints/projectile.uasset" 279
"C:/Users/Bara Sebastian/Documents/Unreal Projects/VectorRun/Content/Meshes/TurretC1_M.uasset" 280
"C:/Users/Bara Sebastian/Documents/Unreal Projects/VectorRun/Content/Materials/EmessiveBase_IBlue.uasset" 281
"C:/Users/Bara Sebastian/Documents/Unreal Projects/VectorRun/Content/Meshes/TurretC1.uasset" 282
"C:/Users/Bara Sebastian/Documents/Unreal Projects/VectorRun/Content/Meshes/TurretC2_M.uasset" 283
"C:/Users/Bara Sebastian/Documents/Unreal Projects/VectorRun/Content/Materials/EmessiveBase_IRed.uasset" 284
"C:/Users/Bara Sebastian/Documents/Unreal Projects/VectorRun/Content/Meshes/TurretC2.uasset" 285
"C:/Users/Bara Sebastian/Documents/Unreal Projects/VectorRun/Content/Meshes/TurretC3_M.uasset" 286
"C:/Users/Bara Sebastian/Documents/Unreal Projects/VectorRun/Content/Meshes/TurretC3.uasset" 287
"C:/Users/Bara Sebastian/Documents/Unreal Projects/VectorRun/Content/Turret/TurretAi.uasset" 288
"../../../Engine/Content/Functions/Engine_MaterialFunctions02/Utility/VectorLength.uasset" 289
"../../../Engine/Content/Functions/Engine_MaterialFunctions02/WorldPositionOffset/ObjectScale.uasset" 290
"C:/Users/Bara Sebastian/Documents/Unreal Projects/VectorRun/Content/soundsandmusic/visualiser/M_visualiser_emessive.uasset" 291
"C:/Users/Bara Sebastian/Documents/Unreal Projects/VectorRun/Content/soundsandmusic/visualiser/MI_Emissive.uasset" 292
"C:/Users/Bara Sebastian/Documents/Unreal Projects/VectorRun/Content/soundsandmusic/visualiser/Material.uasset" 293
"C:/Users/Bara Sebastian/Documents/Unreal Projects/VectorRun/Content/soundsandmusic/visualiser/visualiser_cube.uasset" 294
"C:/Users/Bara Sebastian/Documents/Unreal Projects/VectorRun/Content/soundsandmusic/visualiser/bp_cube.uasset" 295
"C:/Users/Bara Sebastian/Documents/Unreal Projects/VectorRun/Content/soundsandmusic/Most_Intense_Electro_Music_Ever_-_Elusion.uasset" 296
"C:/Users/Bara Sebastian/Documents/Unreal Projects/VectorRun/Content/soundsandmusic/visualiser/bp_visualiser.uasset" 297
"C:/Users/Bara Sebastian/Documents/Unreal Projects/VectorRun/Content/Meshes/Finish_Light_M.uasset" 298
"C:/Users/Bara Sebastian/Documents/Unreal Projects/VectorRun/Content/Meshes/Finish_M.uasset" 299
"C:/Users/Bara Sebastian/Documents/Unreal Projects/VectorRun/Content/Meshes/Finish.uasset" 300
"C:/Users/Bara Sebastian/Documents/Unreal Projects/VectorRun/Content/Blueprints/CheckPoint.uasset" 301
"C:/Users/Bara Sebastian/Documents/Unreal Projects/VectorRun/Content/Meshes/jump_pad.uasset" 302
"C:/Users/Bara Sebastian/Documents/Unreal Projects/VectorRun/Content/Blueprints/JumpPad.uasset" 303
"C:/Users/Bara Sebastian/Documents/Unreal Projects/VectorRun/Content/Meshes/LongWall_Light_M.uasset" 304
"C:/Users/Bara Sebastian/Documents/Unreal Projects/VectorRun/Content/Meshes/LongWall_M.uasset" 305
"C:/Users/Bara Sebastian/Documents/Unreal Projects/VectorRun/Content/Meshes/LongWall.uasset" 306
"C:/Users/Bara Sebastian/Documents/Unreal Projects/VectorRun/Content/Blueprints/LongWallRun.uasset" 307
"C:/Users/Bara Sebastian/Documents/Unreal Projects/VectorRun/Content/Meshes/moving_platform.uasset" 308
"C:/Users/Bara Sebastian/Documents/Unreal Projects/VectorRun/Content/Blueprints/Moving_Platform_Bp.uasset" 309
"C:/Users/Bara Sebastian/Documents/Unreal Projects/VectorRun/Content/Meshes/objective_Skeleton.uasset" 310
"C:/Users/Bara Sebastian/Documents/Unreal Projects/VectorRun/Content/Meshes/objective_Anim.uasset" 311
"C:/Users/Bara Sebastian/Documents/Unreal Projects/VectorRun/Content/Meshes/objective_PhysicsAsset.uasset" 312
"C:/Users/Bara Sebastian/Documents/Unreal Projects/VectorRun/Content/Meshes/objective.uasset" 313
"C:/Users/Bara Sebastian/Documents/Unreal Projects/VectorRun/Content/Blueprints/Objective_A.uasset" 314
"C:/Users/Bara Sebastian/Documents/Unreal Projects/VectorRun/Content/Meshes/Wall_Arrow_M.uasset" 315
"C:/Users/Bara Sebastian/Documents/Unreal Projects/VectorRun/Content/Meshes/WallArrow.uasset" 316
"C:/Users/Bara Sebastian/Documents/Unreal Projects/VectorRun/Content/Blueprints/WallRun.uasset" 317
"C:/Users/Bara Sebastian/Documents/Unreal Projects/VectorRun/Content/Meshes/Building_M.uasset" 318
"C:/Users/Bara Sebastian/Documents/Unreal Projects/VectorRun/Content/Materials/EmessiveBase_IWhite.uasset" 319
"C:/Users/Bara Sebastian/Documents/Unreal Projects/VectorRun/Content/Meshes/block.uasset" 320
"C:/Users/Bara Sebastian/Documents/Unreal Projects/VectorRun/Content/Level1.umap" 321
"C:/Users/Bara Sebastian/Documents/Unreal Projects/VectorRun/Content/Menu_GM.uasset" 322
"../../../Engine/Content/BasicShapes/BasicShapeMaterial.uasset" 323
"../../../Engine/Content/BasicShapes/Plane.uasset" 324
"C:/Users/Bara Sebastian/Documents/Unreal Projects/VectorRun/Content/MainMenu.uasset" 325
"C:/Users/Bara Sebastian/Documents/Unreal Projects/VectorRun/Content/MainMenuMap.umap" 326
